<?xml version="1.0" encoding="UTF-8"?>
<!-- Generated by org.testng.reporters.JUnitReportReporter -->
<testsuite hostname="PRINHYLTPAP1022.local" name="com.seleniumpractice.operations.SeleniumOperations" tests="1" failures="0" timestamp="17 Oct 2016 15:38:34 GMT" time="46.058" errors="0">
  <testcase name="getWebElement" time="46.058" classname="com.seleniumpractice.operations.SeleniumOperations"/>
</testsuite> <!-- com.seleniumpractice.operations.SeleniumOperations -->
