<?xml version="1.0" encoding="UTF-8"?>
<!-- Generated by org.testng.reporters.JUnitReportReporter -->
<testsuite hostname="PRINHYLTPAP1022.local" name="com.javapractice.learningtime.LearnHttpConnection" tests="1" failures="0" timestamp="13 Oct 2016 14:33:24 GMT" time="0.942" errors="0">
  <testcase name="testURLConnection" time="0.942" classname="com.javapractice.learningtime.LearnHttpConnection"/>
</testsuite> <!-- com.javapractice.learningtime.LearnHttpConnection -->
